\BOOKMARK [-1][]{part.1}{\376\377\173\054\116\000\220\350\122\006\000\040\215\160\217\333\153\324\217\203\145\077\154\273\133\146\166\204\116\026\165\114}{}% 1
\BOOKMARK [0][]{chapter.1}{\376\377\137\025\212\000\377\032\116\072\116\300\116\110\211\201\153\324\217\203\377\037\040\024\040\024\116\316\231\226\134\024\122\060\226\077\121\113\142\311\377\014\116\044\171\315\124\175\217\320\166\204\124\057\171\072}{part.1}% 2
\BOOKMARK [0][]{chapter.2}{\376\377\145\077\154\273\116\026\165\114\166\204\040\034\127\060\126\376\040\035\116\016\040\034\177\127\166\330\040\035}{part.1}% 3
\BOOKMARK [1][]{section.2.1}{\376\377\176\330\122\066\127\060\126\376\377\032\126\333\116\052\117\140\137\305\230\173\167\345\220\123\166\204\150\070\137\303\151\202\137\365}{chapter.2}% 4
\BOOKMARK [2][-]{subsection.2.1.1}{\376\377\126\375\133\266\377\032\145\077\154\273\116\026\165\114\166\204\040\034\170\154\116\366\040\035\116\016\040\034\133\271\126\150\040\035}{section.2.1}% 5
\BOOKMARK [2][-]{subsection.2.1.2}{\376\377\154\021\145\317\377\032\145\077\154\273\116\026\165\114\166\204\040\034\160\165\233\102\040\035\116\016\040\034\140\363\214\141\166\204\121\161\124\014\117\123\040\035}{section.2.1}% 6
\BOOKMARK [2][-]{subsection.2.1.3}{\376\377\145\077\147\103\377\032\145\077\154\273\116\026\165\114\166\204\040\034\144\315\117\134\174\373\176\337\040\035\116\016\040\034\156\070\142\017\211\304\122\031\040\035}{section.2.1}% 7
\BOOKMARK [2][-]{subsection.2.1.4}{\376\377\145\077\136\234\377\032\145\077\154\273\116\026\165\114\166\204\040\034\137\123\163\355\123\370\147\072\040\035}{section.2.1}% 8
\BOOKMARK [2][-]{subsection.2.1.5}{\376\377\126\333\117\115\116\000\117\123\377\032\116\000\116\052\133\236\117\213}{section.2.1}% 9
\BOOKMARK [1][]{section.2.2}{\376\377\220\011\142\351\177\127\166\330\377\032\120\317\117\246\143\242\116\000\150\067\140\035\200\003}{chapter.2}% 10
\BOOKMARK [2][-]{subsection.2.2.1}{\376\377\150\110\117\213\170\024\172\166\377\032\117\246\143\242\166\204\155\361\136\246\143\026\143\230}{section.2.2}% 11
\BOOKMARK [2][-]{subsection.2.2.2}{\376\377\176\337\213\241\122\006\147\220\377\032\140\305\142\245\133\230\166\204\133\217\211\302\142\153\143\317}{section.2.2}% 12
\BOOKMARK [2][-]{subsection.2.2.3}{\376\377\117\246\143\242\116\016\140\305\142\245\133\230\166\204\200\124\142\113}{section.2.2}% 13
\BOOKMARK [1][]{section*.2}{\376\377\147\054\172\340\134\017\176\323}{chapter.2}% 14
\BOOKMARK [-1][]{part.2}{\376\377\173\054\116\214\220\350\122\006\000\040\131\047\225\356\230\230\377\032\126\375\133\266\060\001\145\077\117\123\116\016\121\262\172\201}{}% 15
\BOOKMARK [0][]{chapter.3}{\376\377\126\375\133\266\146\057\131\202\117\125\160\274\142\020\166\204\377\037\040\024\040\024\116\316\142\030\116\211\147\072\126\150\122\060\040\034\133\210\131\034\116\272\040\035}{part.2}% 16
\BOOKMARK [1][]{section.3.1}{\376\377\040\034\142\030\116\211\122\066\220\040\126\375\133\266\377\014\126\375\133\266\123\321\122\250\142\030\116\211\040\035\377\032\153\047\155\062\166\204\210\100\201\145\137\200\116\213}{chapter.3}% 17
\BOOKMARK [1][]{section.3.2}{\376\377\225\134\222\164\377\032\116\055\126\375\166\204\123\206\123\362\126\336\124\315\040\024\040\024\123\346\116\000\147\141\160\274\142\020\116\113\215\357}{chapter.3}% 18
\BOOKMARK [1][]{section.3.3}{\376\377\122\115\154\277\211\306\211\322\377\032\116\072\117\125\147\011\116\233\126\375\133\266\137\072\131\047\377\014\147\011\116\233\126\375\133\266\201\006\137\061\377\037}{chapter.3}% 19
\BOOKMARK [2][-]{subsection.3.3.1}{\376\377\126\375\133\266\200\375\122\233\377\032\126\375\133\266\217\331\123\360\040\034\147\072\126\150\040\035\166\204\140\047\200\375\131\202\117\125\377\037}{section.3.3}% 20
\BOOKMARK [2][-]{subsection.3.3.2}{\376\377\124\010\154\325\140\047\377\032\154\021\117\027\116\072\117\125\117\032\147\015\116\316\377\037}{section.3.3}% 21
\BOOKMARK [1][]{section.3.4}{\376\377\116\316\040\034\142\030\116\211\147\072\126\150\040\035\122\060\040\034\133\210\131\034\116\272\040\035\121\215\122\060\146\364\131\032}{chapter.3}% 22
\BOOKMARK [1][]{section*.3}{\376\377\176\323\213\355}{chapter.3}% 23
\BOOKMARK [0][]{chapter.4}{\376\377\154\021\116\073\166\204\155\152\157\156\116\016\146\227\171\001\040\024\040\024\116\072\117\125\147\011\116\233\154\021\116\073\040\034\155\073\116\013\147\145\116\206\040\035\377\014\147\011\116\233\123\164\040\034\153\173\123\273\116\206\040\035\377\037}{part.2}% 24
\BOOKMARK [1][]{section.4.1}{\376\377\133\217\131\047\123\331\116\213\377\032\136\055\123\167\121\150\164\003\166\204\154\021\116\073\123\026\155\152\157\156}{chapter.4}% 25
\BOOKMARK [1][]{section.4.2}{\376\377\122\115\154\277\217\251\213\272\377\032\154\021\116\073\131\202\117\125\040\034\124\010\154\325\127\060\040\035\153\173\123\273\377\037}{chapter.4}% 26
\BOOKMARK [1][]{section.4.3}{\376\377\154\021\116\073\166\204\146\227\171\001\377\032\142\021\116\354\116\072\117\125\215\160\122\060\116\206\116\312\131\051\377\037}{chapter.4}% 27
\BOOKMARK [1][]{section*.4}{\376\377\176\323\213\355\377\032\127\050\122\006\210\302\166\204\116\026\165\114\221\314\221\315\145\260\133\210\142\244\154\021\116\073}{chapter.4}% 28
\BOOKMARK [0][]{chapter.5}{\376\377\132\001\147\103\200\005\166\204\040\034\165\037\133\130\156\070\142\017\040\035\040\024\040\024\143\355\171\330\163\260\116\343\162\354\210\301\166\204\217\320\117\134\133\306\170\001}{part.2}% 29
\BOOKMARK [1][]{section.5.1}{\376\377\142\123\170\064\122\073\147\177\123\160\214\141\377\032\132\001\147\103\116\073\116\111\136\166\227\136\224\301\147\177\116\000\127\127}{chapter.5}% 30
\BOOKMARK [2][-]{subsection.5.1.1}{\376\377\116\052\116\272\162\354\210\301\377\032\147\103\122\233\174\373\116\216\116\000\116\272\116\113\216\253}{section.5.1}% 31
\BOOKMARK [2][-]{subsection.5.1.2}{\376\377\121\233\116\213\137\072\147\103\377\032\147\252\147\106\133\120\221\314\121\372\145\077\147\103}{section.5.1}% 32
\BOOKMARK [2][-]{subsection.5.1.3}{\376\377\116\000\121\132\116\023\145\077\377\032\147\000\127\132\227\347\166\204\040\034\122\051\176\364\127\146\040\035}{section.5.1}% 33
\BOOKMARK [1][]{section.5.2}{\376\377\163\260\116\343\162\354\210\301\166\204\217\320\117\134\133\306\170\001\377\032\116\015\153\142\116\216\146\264\122\233\225\107\123\213}{chapter.5}% 34
\BOOKMARK [2][-]{subsection.5.2.1}{\376\377\220\011\116\076\137\017\132\001\147\103\116\073\116\111\377\032\116\000\127\072\174\276\137\303\177\026\143\222\166\204\040\034\154\021\116\073\171\300\040\035}{section.5.2}% 35
\BOOKMARK [2][-]{subsection.5.2.2}{\376\377\174\276\133\306\166\204\117\341\140\157\143\247\122\066\377\032\116\316\040\034\226\062\160\153\130\231\040\035\122\060\040\034\202\006\213\272\155\052\154\064\040\035}{section.5.2}% 36
\BOOKMARK [2][-]{subsection.5.2.3}{\376\377\174\276\202\361\173\074\176\334\377\032\142\212\157\134\127\050\166\204\145\114\116\272\123\330\142\020\040\034\201\352\135\361\116\272\040\035}{section.5.2}% 37
\BOOKMARK [2][-]{subsection.5.2.4}{\376\377\176\351\145\110\124\010\154\325\140\047\377\032\040\034\227\142\123\005\040\035\143\142\040\034\220\011\171\150\040\035\166\204\226\220\140\047\131\121\176\246}{section.5.2}% 38
\BOOKMARK [1][]{section*.5}{\376\377\176\323\213\355\377\032\116\000\127\072\154\241\147\011\176\310\134\100\166\204\123\132\137\010}{chapter.5}% 39
\BOOKMARK [0][]{chapter.6}{\376\377\147\252\130\360\116\016\140\022\160\153\040\024\040\024\142\021\116\354\131\202\117\125\164\006\211\343\145\077\154\273\146\264\122\233\377\037}{part.2}% 40
\BOOKMARK [1][]{section.6.1}{\376\377\215\205\215\212\040\034\215\053\172\167\116\016\116\307\140\150\040\035\377\032\116\316\040\034\116\015\156\341\040\035\122\060\040\034\210\114\122\250\040\035\166\204\236\077\154\237}{chapter.6}% 41
\BOOKMARK [2][-]{subsection.6.1.1}{\376\377\040\034\116\015\156\341\040\035\146\057\136\070\140\001\377\014\200\014\227\136\137\025\162\006\126\150}{section.6.1}% 42
\BOOKMARK [2][-]{subsection.6.1.2}{\376\377\040\034\116\307\140\150\040\035\146\057\131\202\117\125\210\253\040\034\122\066\220\040\040\035\121\372\147\145\166\204\377\037}{section.6.1}% 43
\BOOKMARK [1][]{section.6.2}{\376\377\122\115\154\277\155\036\211\301\377\032\137\025\162\006\121\262\172\201\166\204\040\034\147\072\117\032\040\035\116\016\040\034\215\104\156\220\040\035}{chapter.6}% 44
\BOOKMARK [2][-]{subsection.6.2.1}{\376\377\145\077\154\273\147\072\117\032\377\032\123\315\142\227\116\113\172\227}{section.6.2}% 45
\BOOKMARK [2][-]{subsection.6.2.2}{\376\377\215\104\156\220\213\305\124\222\377\032\116\316\224\273\167\363\122\060\167\363\154\271\166\204\147\323\210\100\116\113\215\357}{section.6.2}% 46
\BOOKMARK [1][]{section.6.3}{\376\377\122\066\136\246\166\204\213\276\213\241\377\032\160\271\161\303\217\330\146\057\161\204\160\155\121\262\172\201\166\204\160\153\161\060\377\037}{chapter.6}% 47
\BOOKMARK [2][-]{subsection.6.3.1}{\376\377\120\254\123\026\121\262\172\201\166\204\122\066\136\246\377\032\215\142\200\005\220\032\124\003\166\204\156\070\142\017}{section.6.3}% 48
\BOOKMARK [2][-]{subsection.6.3.2}{\376\377\133\373\154\102\124\214\211\343\166\204\122\066\136\246\377\032\147\103\122\233\122\006\116\253\166\204\202\172\147\057}{section.6.3}% 49
\BOOKMARK [2][-]{subsection.6.3.3}{\376\377\150\110\117\213\133\371\153\324\377\032\123\142\145\372\217\276\166\204\140\262\122\147\116\016\124\345\117\046\153\324\116\232\166\204\124\214\136\163\143\242\175\042}{section.6.3}% 50
\BOOKMARK [2][-]{subsection.6.3.4}{\376\377\123\346\116\000\171\315\220\123\215\357\377\032\227\136\146\264\122\233\142\227\116\211\166\204\122\233\221\317}{section.6.3}% 51
\BOOKMARK [1][]{section*.6}{\376\377\176\323\213\355\377\032\164\006\211\343\131\015\147\102\377\014\215\160\124\021\124\214\136\163}{chapter.6}% 52
\BOOKMARK [-1][]{part.3}{\376\377\173\054\116\011\220\350\122\006\000\040\202\036\123\360\116\012\166\204\157\024\124\130\377\032\122\066\136\246\060\001\145\207\123\026\116\016\171\076\117\032}{}% 53
\BOOKMARK [0][]{chapter.7}{\376\377\040\034\156\070\142\017\211\304\122\031\040\035\166\204\233\124\122\233\040\024\040\024\145\077\154\273\122\066\136\246\131\202\117\125\130\121\220\040\142\021\116\354\166\204\210\114\116\072\377\037}{part.3}% 54
\BOOKMARK [1][]{section.7.1}{\376\377\147\103\122\233\166\204\135\305\134\360\133\371\121\263\040\024\040\024\140\073\176\337\122\066\000\040\000v\000s\000.\000\040\213\256\117\032\122\066}{chapter.7}% 55
\BOOKMARK [2][-]{subsection.7.1.1}{\376\377\140\073\176\337\122\066\377\032\122\006\147\103\166\204\202\172\147\057\116\016\120\365\134\100\166\204\230\316\226\151}{section.7.1}% 56
\BOOKMARK [2][-]{subsection.7.1.2}{\376\377\213\256\117\032\122\066\377\032\145\110\163\207\166\204\137\353\217\146\116\016\116\015\172\063\133\232\166\204\136\175\160\165}{section.7.1}% 57
\BOOKMARK [2][-]{subsection.7.1.3}{\376\377\134\017\176\323\377\032\154\241\147\011\147\000\131\175\377\014\123\352\147\011\147\000\220\002\124\010}{section.7.1}% 58
\BOOKMARK [1][]{section.7.2}{\376\377\220\011\171\150\166\204\131\145\171\330\040\024\040\024\117\140\166\204\220\011\171\150\131\202\117\125\123\330\142\020\213\256\136\055\377\037}{chapter.7}% 59
\BOOKMARK [2][-]{subsection.7.2.1}{\376\377\131\032\145\160\122\066\377\032\215\142\200\005\220\032\124\003\116\016\116\044\121\132\150\074\134\100}{section.7.2}% 60
\BOOKMARK [2][-]{subsection.7.2.2}{\376\377\153\324\117\213\116\343\210\150\122\066\377\032\122\006\116\253\147\234\133\236\116\016\131\032\121\132\147\227\172\313}{section.7.2}% 61
\BOOKMARK [2][-]{subsection.7.2.3}{\376\377\155\367\124\010\122\066\377\032\133\373\154\102\116\044\121\150\121\166\177\216\166\204\202\172\147\057}{section.7.2}% 62
\BOOKMARK [2][-]{subsection.7.2.4}{\376\377\134\017\176\323\377\032\156\005\146\160\172\063\133\232\000\040\000v\000s\000.\000\040\121\154\136\163\116\343\210\150}{section.7.2}% 63
\BOOKMARK [1][]{section*.7}{\376\377\176\323\213\272\377\032\211\304\122\031\123\163\124\175\217\320}{chapter.7}% 64
\BOOKMARK [0][]{chapter.8}{\376\377\167\013\116\015\211\301\166\204\176\275\136\046\040\024\040\024\145\077\154\273\145\207\123\026\116\016\121\154\154\021\171\076\117\032}{part.3}% 65
\BOOKMARK [1][]{section.8.1}{\376\377\117\341\116\373\166\204\116\367\120\074\377\032\116\000\116\052\126\375\133\266\166\204\040\034\145\077\154\273\116\272\150\074\040\035}{chapter.8}% 66
\BOOKMARK [2][-]{subsection.8.1.1}{\376\377\146\156\162\171\123\127\166\204\141\017\131\047\122\051\133\236\232\214\377\032\171\076\117\032\215\104\147\054\166\204\122\233\221\317}{section.8.1}% 67
\BOOKMARK [1][]{section.8.2}{\376\377\121\154\154\021\171\076\117\032\377\032\154\021\116\073\166\204\040\034\120\145\216\253\142\077\040\035\116\016\040\034\167\013\225\350\162\327\040\035}{chapter.8}% 68
\BOOKMARK [1][]{section.8.3}{\376\377\163\260\116\343\143\021\142\030\377\032\171\076\116\244\132\222\117\123\145\366\116\343\166\204\117\341\116\373\155\101\131\061\116\016\147\201\123\026}{chapter.8}% 69
\BOOKMARK [2][-]{subsection.8.3.1}{\376\377\217\336\143\245\166\204\140\226\213\272\377\032\116\316\040\034\121\154\154\021\171\076\117\032\040\035\122\060\040\034\145\160\133\127\220\350\204\075\040\035}{section.8.3}% 70
\BOOKMARK [2][-]{subsection.8.3.2}{\376\377\117\341\116\373\166\204\174\373\176\337\140\047\201\120\206\200}{section.8.3}% 71
\BOOKMARK [1][]{section*.8}{\376\377\176\323\213\272\377\032\221\315\133\373\167\013\116\015\211\301\166\204\176\275\136\046}{chapter.8}% 72
\BOOKMARK [0][]{chapter.9}{\376\377\142\021\116\354\116\072\117\125\217\331\150\067\142\225\171\150\377\037\040\024\040\024\220\011\154\021\060\001\145\077\121\132\116\016\216\253\116\375\213\244\124\014}{part.3}% 73
\BOOKMARK [1][]{section.9.1}{\376\377\122\051\166\312\217\330\146\057\213\244\124\014\377\032\220\011\154\021\166\204\116\044\171\315\040\034\142\225\171\150\220\073\217\221\040\035}{chapter.9}% 74
\BOOKMARK [2][-]{subsection.9.1.1}{\376\377\220\073\217\221\116\000\377\032\123\343\210\213\116\146\220\011\154\021\040\024\040\024\127\372\116\216\164\006\140\047\213\241\173\227\166\204\220\011\142\351}{section.9.1}% 75
\BOOKMARK [2][-]{subsection.9.1.2}{\376\377\220\073\217\221\116\214\377\032\142\021\116\354\217\331\174\173\116\272\040\024\040\024\127\372\116\216\216\253\116\375\213\244\124\014\166\204\220\011\142\351}{section.9.1}% 76
\BOOKMARK [2][-]{subsection.9.1.3}{\376\377\142\021\116\354\145\366\116\343\166\204\217\154\123\330\377\032\216\253\116\375\123\213\120\022\122\051\166\312}{section.9.1}% 77
\BOOKMARK [1][]{section.9.2}{\376\377\145\077\121\132\166\204\121\164\210\160\377\032\116\316\040\034\166\176\215\047\121\154\123\370\040\035\122\060\040\034\116\023\123\126\136\227\040\035}{chapter.9}% 78
\BOOKMARK [2][-]{subsection.9.2.1}{\376\377\117\040\176\337\116\073\155\101\145\077\121\132\166\204\210\160\204\075\377\032\146\024\145\345\040\034\166\176\215\047\121\154\123\370\040\035\166\204\123\161\147\072}{section.9.2}% 79
\BOOKMARK [2][-]{subsection.9.2.2}{\376\377\154\021\174\271\116\073\116\111\116\016\216\253\116\375\145\077\154\273\145\077\121\132\166\204\135\033\215\167\377\032\145\077\154\273\136\002\127\072\166\204\040\034\116\023\123\126\136\227\040\035}{section.9.2}% 80
\BOOKMARK [1][]{section*.9}{\376\377\176\323\213\355\377\032\127\050\122\006\210\302\166\204\142\225\171\150\116\255\221\314}{chapter.9}% 81
\BOOKMARK [-1][]{part.4}{\376\377\173\054\126\333\220\350\122\006\000\040\145\077\154\273\166\204\124\016\147\234\377\032\123\321\134\125\060\001\122\006\221\115\116\016\171\217\171\111}{}% 82
\BOOKMARK [0][]{chapter.10}{\376\377\040\034\123\321\134\125\127\213\126\375\133\266\040\035\166\204\116\034\116\232\131\107\217\371\123\357\116\345\131\015\122\066\124\027\377\037}{part.4}% 83
\BOOKMARK [1][]{section.10.1}{\376\377\211\343\133\306\142\020\122\237\145\105\116\213\377\032\040\034\123\321\134\125\127\213\126\375\133\266\040\035\166\204\116\011\131\047\145\057\147\361}{chapter.10}% 84
\BOOKMARK [2][-]{subsection.10.1.1}{\376\377\232\176\232\166\202\061\221\314\166\204\040\034\230\336\210\114\124\130\040\035\377\032\137\072\122\233\200\014\174\276\121\306\166\204\145\077\136\234\136\162\230\204}{section.10.1}% 85
\BOOKMARK [2][-]{subsection.10.1.2}{\376\377\040\034\147\000\137\072\131\047\201\021\040\035\377\032\174\276\202\361\123\026\166\204\133\230\120\332\117\123\174\373}{section.10.1}% 86
\BOOKMARK [2][-]{subsection.10.1.3}{\376\377\040\034\126\375\133\266\226\037\040\035\377\032\145\077\136\234\116\016\131\047\117\001\116\032\166\204\142\030\165\145\124\014\166\337}{section.10.1}% 87
\BOOKMARK [1][]{section.10.2}{\376\377\163\260\133\236\166\204\142\367\225\356\377\032\131\107\217\371\123\357\116\345\210\253\131\015\122\066\124\027\377\037}{chapter.10}% 88
\BOOKMARK [2][-]{subsection.10.2.1}{\376\377\123\206\123\362\116\016\127\060\177\030\145\077\154\273\166\204\040\034\136\170\217\320\172\227\123\343\040\035}{section.10.2}% 89
\BOOKMARK [2][-]{subsection.10.2.2}{\376\377\040\034\132\001\147\103\040\035\166\204\226\064\137\161\377\032\145\110\163\207\200\314\124\016\166\204\116\343\116\367}{section.10.2}% 90
\BOOKMARK [2][-]{subsection.10.2.3}{\376\377\121\150\164\003\123\026\145\366\116\343\166\204\040\034\211\304\122\031\116\113\123\330\040\035}{section.10.2}% 91
\BOOKMARK [1][]{section*.10}{\376\377\176\323\213\355\377\032\116\316\040\034\131\015\122\066\152\041\137\017\040\035\122\060\040\034\133\146\116\140\174\276\171\136\040\035}{chapter.10}% 92
\BOOKMARK [1][]{section*.10}{\376\377\176\323\213\355\377\032\116\316\040\034\131\015\122\066\152\041\137\017\040\035\122\060\040\034\133\146\116\140\174\276\171\136\040\035}{chapter.10}% 93
\BOOKMARK [0][]{chapter.11}{\376\377\133\314\210\325\166\204\140\226\213\272\040\024\040\024\145\077\154\273\131\202\117\125\121\263\133\232\116\015\136\163\173\111\166\204\172\013\136\246\377\037}{part.4}% 94
\BOOKMARK [1][]{section.11.1}{\376\377\116\011\171\315\171\217\122\051\116\026\165\114\377\032\142\021\116\354\171\076\117\032\226\220\205\317\166\204\040\034\144\315\117\134\174\373\176\337\040\035}{chapter.11}% 95
\BOOKMARK [2][-]{subsection.11.1.1}{\376\377\201\352\165\061\116\073\116\111\171\217\122\051\152\041\137\017\000:\000\040\136\002\127\072\166\204\117\341\137\222\116\016\116\000\137\040\040\034\147\000\134\017\040\035\166\204\133\211\121\150\177\121}{section.11.1}% 96
\BOOKMARK [2][-]{subsection.11.1.2}{\376\377\171\076\117\032\154\021\116\073\116\073\116\111\171\217\122\051\152\041\137\017\000:\000\040\136\163\173\111\146\057\146\156\116\026\147\103\122\051}{section.11.1}% 97
\BOOKMARK [2][-]{subsection.11.1.3}{\376\377\117\335\133\210\116\073\116\111\377\010\142\026\154\325\126\342\116\073\116\111\377\011\171\217\122\051\152\041\137\017\000:\000\040\176\364\142\244\117\040\176\337\166\204\040\034\172\063\133\232\126\150\040\035}{section.11.1}% 98
\BOOKMARK [1][]{section.11.2}{\376\377\173\054\126\333\171\315\116\026\165\114\377\037\116\034\116\232\166\204\040\034\165\037\116\247\116\073\116\111\040\035\171\217\122\051\152\041\137\017}{chapter.11}% 99
\BOOKMARK [1][]{section.11.3}{\376\377\153\324\217\203\116\016\123\315\140\035\377\032\145\077\154\273\220\011\142\351\377\014\200\014\227\136\176\317\155\116\133\277\124\175}{chapter.11}% 100
\BOOKMARK [1][]{section.11.4}{\376\377\121\161\124\014\166\204\143\021\142\030\377\032\171\217\122\051\126\375\133\266\166\204\040\034\116\055\136\164\123\161\147\072\040\035}{chapter.11}% 101
\BOOKMARK [1][]{section*.11}{\376\377\176\323\213\355\377\032\133\314\210\325\200\314\124\016\377\014\142\021\116\354\140\363\211\201\116\000\116\052\140\016\150\067\166\204\171\076\117\032\377\037}{chapter.11}% 102
\BOOKMARK [-1][]{part.5}{\376\377\173\054\116\224\220\350\122\006\000\040\121\150\164\003\123\026\145\366\116\343\166\204\143\021\142\030\116\016\147\052\147\145}{}% 103
\BOOKMARK [0][]{chapter.12}{\376\377\154\021\174\271\116\073\116\111\166\204\121\150\164\003\230\316\146\264}{part.5}% 104
\BOOKMARK [1][]{section.12.1}{\376\377\143\242\172\166\150\071\156\220\377\032\176\317\155\116\161\046\206\121\217\330\146\057\145\207\123\026\123\315\137\071\377\037}{chapter.12}% 105
\BOOKMARK [2][-]{subsection.12.1.1}{\376\377\173\054\116\000\171\315\211\343\221\312\377\032\176\317\155\116\161\046\206\121\166\204\124\120\125\212\040\024\040\024\040\034\121\150\164\003\123\026\166\204\131\061\141\017\200\005\040\035}{section.12.1}% 106
\BOOKMARK [2][-]{subsection.12.1.2}{\376\377\173\054\116\214\171\315\211\343\221\312\377\032\145\207\123\026\123\315\137\071\166\204\140\022\160\153\040\024\040\024\040\034\116\367\120\074\166\204\131\061\204\075\200\005\040\035}{section.12.1}% 107
\BOOKMARK [2][-]{subsection.12.1.3}{\376\377\176\323\213\272\377\032\116\000\171\315\147\011\153\322\166\204\236\041\134\076\221\122}{section.12.1}% 108
\BOOKMARK [1][]{section.12.2}{\376\377\135\346\123\363\116\113\122\053\377\032\154\021\174\271\116\073\116\111\166\204\116\044\171\315\227\142\133\124\123\312\121\166\132\001\200\301}{chapter.12}% 109
\BOOKMARK [2][-]{subsection.12.2.1}{\376\377\123\363\177\374\154\021\174\271\116\073\116\111\377\032\143\222\116\326\140\047\166\204\132\001\200\301}{section.12.2}% 110
\BOOKMARK [2][-]{subsection.12.2.2}{\376\377\135\346\177\374\154\021\174\271\116\073\116\111\377\032\123\315\122\066\136\246\166\204\132\001\200\301}{section.12.2}% 111
\BOOKMARK [1][]{section*.12}{\376\377\176\323\213\355}{chapter.12}% 112
\BOOKMARK [0][]{chapter.13}{\376\377\137\123\145\077\154\273\040\034\220\155\220\107\040\035\127\060\164\003\040\024\040\024\154\024\120\031\123\330\123\026\060\001\215\350\126\375\171\373\154\021\116\016\116\073\147\103\126\375\133\266\166\204\126\360\130\203}{part.5}% 113
\BOOKMARK [1][]{section.13.1}{\376\377\121\150\164\003\226\276\230\230\166\204\126\375\121\205\145\077\154\273\377\032\116\072\117\125\142\357\145\121\127\060\164\003\131\202\153\144\116\113\226\276\377\037}{chapter.13}% 114
\BOOKMARK [2][-]{subsection.13.1.1}{\376\377\145\077\154\273\124\150\147\037\000\040\000v\000s\000.\000\040\127\060\215\050\145\366\225\364\377\032\145\077\154\273\133\266\166\204\040\034\217\321\211\306\165\307\040\035}{section.13.1}% 115
\BOOKMARK [2][-]{subsection.13.1.2}{\376\377\226\306\116\055\122\051\166\312\000\040\000v\000s\000.\000\040\122\006\145\143\122\051\166\312\377\032\214\001\127\050\156\070\213\364\377\037}{section.13.1}% 116
\BOOKMARK [2][-]{subsection.13.1.3}{\376\377\153\324\217\203\211\306\211\322\116\013\166\204\116\015\124\014\126\360\130\203}{section.13.1}% 117
\BOOKMARK [1][]{section.13.2}{\376\377\145\260\166\204\145\077\154\273\145\255\134\102\176\277\377\032\171\373\154\021\131\202\117\125\221\315\130\121\135\346\123\363\177\374}{chapter.13}% 118
\BOOKMARK [2][-]{subsection.13.2.1}{\376\377\153\324\217\203\211\306\211\322\116\013\166\204\145\260\145\255\134\102\176\277}{section.13.2}% 119
\BOOKMARK [1][]{section*.13}{\376\377\176\323\213\355\377\032\116\073\147\103\126\375\133\266\166\204\123\314\221\315\126\360\130\203}{chapter.13}% 120
\BOOKMARK [0][]{chapter*.14}{\376\377\176\323\213\355\377\032\127\050\122\006\210\302\166\204\116\026\165\114\221\314\377\014\120\132\116\000\116\052\156\005\221\222\166\204\121\154\154\021}{part.5}% 121
\BOOKMARK [1][]{section*.15}{\376\377\126\336\230\176\150\070\137\303\155\036\211\301\377\032\116\015\133\130\127\050\040\034\145\076\116\113\126\333\155\167\200\014\166\206\121\306\040\035\166\204\233\124\154\325}{chapter*.14}% 122
\BOOKMARK [1][]{section*.16}{\376\377\127\050\122\006\210\302\166\204\145\366\116\343\377\014\217\320\165\050\153\324\217\203\166\204\153\146\126\150}{chapter*.14}% 123
\BOOKMARK [1][]{section*.17}{\376\377\147\000\124\016\166\204\140\035\200\003\377\032\116\316\164\006\211\343\116\026\165\114\122\060\145\071\123\330\116\026\165\114}{chapter*.14}% 124
\BOOKMARK [0][]{appendix.A}{\376\377\123\302\200\003\116\146\166\356\000\040\000\050\000B\000i\000b\000l\000i\000o\000g\000r\000a\000p\000h\000y\000\051}{part.5}% 125
\BOOKMARK [1][]{section*.18}{\376\377\150\070\137\303\151\202\137\365\116\016\164\006\213\272}{appendix.A}% 126
\BOOKMARK [1][]{section*.30}{\376\377\145\160\133\127\145\366\116\343\145\077\154\273\170\024\172\166}{appendix.A}% 127
\BOOKMARK [1][]{section*.31}{\376\377\123\072\127\337\170\024\172\166}{appendix.A}% 128
